# JRE version: OpenJDK Runtime Environment (11.0.11+9) (build 11.0.11+9-b60-7590822)
# Java VM: OpenJDK 64-Bit Server VM (11.0.11+9-b60-7590822, mixed mode, tiered, compressed oops, g1 gc, windows-amd64)
Heap:
 garbage-first heap   total 260096K, used 92361K [0x0000000080000000, 0x0000000100000000)
  region size 1024K, 65 young (66560K), 3 survivors (3072K)
 Metaspace       used 32696K, capacity 33555K, committed 33660K, reserved 1079296K
  class space    used 4425K, capacity 4762K, committed 4812K, reserved 1048576K
GC Heap History (12 events):
Event: 1.068 GC heap before
{Heap before GC invocations=0 (full 0):
 garbage-first heap   total 260096K, used 19456K [0x0000000080000000, 0x0000000100000000)
  region size 1024K, 14 young (14336K), 0 survivors (0K)
 Metaspace       used 6736K, capacity 6929K, committed 7168K, reserved 1056768K
  class space    used 582K, capacity 650K, committed 768K, reserved 1048576K
}
Event: 1.126 GC heap after
{Heap after GC invocations=1 (full 0):
 garbage-first heap   total 260096K, used 8277K [0x0000000080000000, 0x0000000100000000)
  region size 1024K, 2 young (2048K), 2 survivors (2048K)
 Metaspace       used 6736K, capacity 6929K, committed 7168K, reserved 1056768K
  class space    used 582K, capacity 650K, committed 768K, reserved 1048576K
}
Event: 1.688 GC heap before
{Heap before GC invocations=1 (full 0):
 garbage-first heap   total 260096K, used 19541K [0x0000000080000000, 0x0000000100000000)
  region size 1024K, 13 young (13312K), 2 survivors (2048K)
 Metaspace       used 10305K, capacity 10495K, committed 10624K, reserved 1058816K
  class space    used 1072K, capacity 1141K, committed 1152K, reserved 1048576K
}
Event: 1.693 GC heap after
{Heap after GC invocations=2 (full 0):
 garbage-first heap   total 260096K, used 9933K [0x0000000080000000, 0x0000000100000000)
  region size 1024K, 2 young (2048K), 2 survivors (2048K)
 Metaspace       used 10305K, capacity 10495K, committed 10624K, reserved 1058816K
  class space    used 1072K, capacity 1141K, committed 1152K, reserved 1048576K
}
Event: 2.752 GC heap before
{Heap before GC invocations=2 (full 0):
 garbage-first heap   total 260096K, used 37581K [0x0000000080000000, 0x0000000100000000)
  region size 1024K, 29 young (29696K), 2 survivors (2048K)
 Metaspace       used 11262K, capacity 11450K, committed 11520K, reserved 1058816K
  class space    used 1176K, capacity 1246K, committed 1280K, reserved 1048576K
}
Event: 2.757 GC heap after
{Heap after GC invocations=3 (full 0):
 garbage-first heap   total 260096K, used 13077K [0x0000000080000000, 0x0000000100000000)
  region size 1024K, 4 young (4096K), 4 survivors (4096K)
 Metaspace       used 11262K, capacity 11450K, committed 11520K, reserved 1058816K
  class space    used 1176K, capacity 1246K, committed 1280K, reserved 1048576K
}
Event: 8.759 GC heap before
{Heap before GC invocations=3 (full 0):
 garbage-first heap   total 260096K, used 62229K [0x0000000080000000, 0x0000000100000000)
  region size 1024K, 53 young (54272K), 4 survivors (4096K)
 Metaspace       used 18976K, capacity 19350K, committed 19584K, reserved 1067008K
  class space    used 2267K, capacity 2404K, committed 2432K, reserved 1048576K
}
Event: 8.777 GC heap after
{Heap after GC invocations=4 (full 0):
 garbage-first heap   total 260096K, used 17094K [0x0000000080000000, 0x0000000100000000)
  region size 1024K, 7 young (7168K), 7 survivors (7168K)
 Metaspace       used 18976K, capacity 19350K, committed 19584K, reserved 1067008K
  class space    used 2267K, capacity 2404K, committed 2432K, reserved 1048576K
}
Event: 9.164 GC heap before
{Heap before GC invocations=4 (full 0):
 garbage-first heap   total 260096K, used 33478K [0x0000000080000000, 0x0000000100000000)
  region size 1024K, 24 young (24576K), 7 survivors (7168K)
 Metaspace       used 20762K, capacity 21195K, committed 21296K, reserved 1069056K
  class space    used 2539K, capacity 2678K, committed 2688K, reserved 1048576K
}
Event: 9.175 GC heap after
{Heap after GC invocations=5 (full 0):
 garbage-first heap   total 260096K, used 18546K [0x0000000080000000, 0x0000000100000000)
  region size 1024K, 6 young (6144K), 6 survivors (6144K)
 Metaspace       used 20762K, capacity 21195K, committed 21296K, reserved 1069056K
  class space    used 2539K, capacity 2678K, committed 2688K, reserved 1048576K
}
Event: 10.932 GC heap before
{Heap before GC invocations=6 (full 0):
 garbage-first heap   total 260096K, used 69746K [0x0000000080000000, 0x0000000100000000)
  region size 1024K, 56 young (57344K), 6 survivors (6144K)
 Metaspace       used 26435K, capacity 27021K, committed 27132K, reserved 1073152K
  class space    used 3448K, capacity 3648K, committed 3660K, reserved 1048576K
}
Event: 10.950 GC heap after
{Heap after GC invocations=7 (full 0):
 garbage-first heap   total 260096K, used 20681K [0x0000000080000000, 0x0000000100000000)
  region size 1024K, 3 young (3072K), 3 survivors (3072K)
 Metaspace       used 26435K, capacity 27021K, committed 27132K, reserved 1073152K
  class space    used 3448K, capacity 3648K, committed 3660K, reserved 1048576K
}

