# JRE version: OpenJDK Runtime Environment (11.0.11+9) (build 11.0.11+9-b60-7590822)
# Java VM: OpenJDK 64-Bit Server VM (11.0.11+9-b60-7590822, mixed mode, tiered, compressed oops, g1 gc, windows-amd64)
Heap:
 garbage-first heap   total 260096K, used 121730K [0x0000000080000000, 0x0000000100000000)
  region size 1024K, 17 young (17408K), 8 survivors (8192K)
 Metaspace       used 99050K, capacity 101791K, committed 102076K, reserved 1138688K
  class space    used 12809K, capacity 13825K, committed 13932K, reserved 1048576K
GC Heap History (20 events):
Event: 6.511 GC heap before
{Heap before GC invocations=5 (full 0):
 garbage-first heap   total 260096K, used 96923K [0x0000000080000000, 0x0000000100000000)
  region size 1024K, 77 young (78848K), 8 survivors (8192K)
 Metaspace       used 27577K, capacity 28347K, committed 28540K, reserved 1073152K
  class space    used 3627K, capacity 3915K, committed 4044K, reserved 1048576K
}
Event: 6.524 GC heap after
{Heap after GC invocations=6 (full 0):
 garbage-first heap   total 260096K, used 32836K [0x0000000080000000, 0x0000000100000000)
  region size 1024K, 10 young (10240K), 10 survivors (10240K)
 Metaspace       used 27577K, capacity 28347K, committed 28540K, reserved 1073152K
  class space    used 3627K, capacity 3915K, committed 4044K, reserved 1048576K
}
Event: 7.578 GC heap before
{Heap before GC invocations=6 (full 0):
 garbage-first heap   total 260096K, used 85060K [0x0000000080000000, 0x0000000100000000)
  region size 1024K, 62 young (63488K), 10 survivors (10240K)
 Metaspace       used 34973K, capacity 35949K, committed 36048K, reserved 1081344K
  class space    used 4555K, capacity 4920K, committed 4940K, reserved 1048576K
}
Event: 7.594 GC heap after
{Heap after GC invocations=7 (full 0):
 garbage-first heap   total 260096K, used 35805K [0x0000000080000000, 0x0000000100000000)
  region size 1024K, 13 young (13312K), 13 survivors (13312K)
 Metaspace       used 34973K, capacity 35949K, committed 36048K, reserved 1081344K
  class space    used 4555K, capacity 4920K, committed 4940K, reserved 1048576K
}
Event: 10.608 GC heap before
{Heap before GC invocations=8 (full 0):
 garbage-first heap   total 260096K, used 188381K [0x0000000080000000, 0x0000000100000000)
  region size 1024K, 152 young (155648K), 13 survivors (13312K)
 Metaspace       used 46515K, capacity 47800K, committed 47900K, reserved 1091584K
  class space    used 5891K, capacity 6337K, committed 6348K, reserved 1048576K
}
Event: 10.641 GC heap after
{Heap after GC invocations=9 (full 0):
 garbage-first heap   total 260096K, used 53920K [0x0000000080000000, 0x0000000100000000)
  region size 1024K, 19 young (19456K), 19 survivors (19456K)
 Metaspace       used 46515K, capacity 47800K, committed 47900K, reserved 1091584K
  class space    used 5891K, capacity 6337K, committed 6348K, reserved 1048576K
}
Event: 13.426 GC heap before
{Heap before GC invocations=9 (full 0):
 garbage-first heap   total 260096K, used 194208K [0x0000000080000000, 0x0000000100000000)
  region size 1024K, 152 young (155648K), 19 survivors (19456K)
 Metaspace       used 56296K, capacity 57994K, committed 58140K, reserved 1099776K
  class space    used 7199K, capacity 7785K, committed 7884K, reserved 1048576K
}
Event: 13.459 GC heap after
{Heap after GC invocations=10 (full 0):
 garbage-first heap   total 260096K, used 69913K [0x0000000080000000, 0x0000000100000000)
  region size 1024K, 11 young (11264K), 11 survivors (11264K)
 Metaspace       used 56296K, capacity 57994K, committed 58140K, reserved 1099776K
  class space    used 7199K, capacity 7785K, committed 7884K, reserved 1048576K
}
Event: 13.821 GC heap before
{Heap before GC invocations=10 (full 0):
 garbage-first heap   total 260096K, used 86297K [0x0000000080000000, 0x0000000100000000)
  region size 1024K, 28 young (28672K), 11 survivors (11264K)
 Metaspace       used 58877K, capacity 60580K, committed 60636K, reserved 1101824K
  class space    used 7473K, capacity 8069K, committed 8076K, reserved 1048576K
}
Event: 13.842 GC heap after
{Heap after GC invocations=11 (full 0):
 garbage-first heap   total 260096K, used 71665K [0x0000000080000000, 0x0000000100000000)
  region size 1024K, 2 young (2048K), 2 survivors (2048K)
 Metaspace       used 58877K, capacity 60580K, committed 60636K, reserved 1101824K
  class space    used 7473K, capacity 8069K, committed 8076K, reserved 1048576K
}
Event: 18.041 GC heap before
{Heap before GC invocations=12 (full 0):
 garbage-first heap   total 260096K, used 204785K [0x0000000080000000, 0x0000000100000000)
  region size 1024K, 132 young (135168K), 2 survivors (2048K)
 Metaspace       used 70080K, capacity 71886K, committed 72156K, reserved 1112064K
  class space    used 9062K, capacity 9736K, committed 9868K, reserved 1048576K
}
Event: 18.060 GC heap after
{Heap after GC invocations=13 (full 0):
 garbage-first heap   total 260096K, used 79716K [0x0000000080000000, 0x0000000100000000)
  region size 1024K, 10 young (10240K), 10 survivors (10240K)
 Metaspace       used 70080K, capacity 71886K, committed 72156K, reserved 1112064K
  class space    used 9062K, capacity 9736K, committed 9868K, reserved 1048576K
}
Event: 21.160 GC heap before
{Heap before GC invocations=13 (full 0):
 garbage-first heap   total 260096K, used 215908K [0x0000000080000000, 0x0000000100000000)
  region size 1024K, 134 young (137216K), 10 survivors (10240K)
 Metaspace       used 80441K, capacity 82492K, committed 82652K, reserved 1120256K
  class space    used 10349K, capacity 11075K, committed 11148K, reserved 1048576K
}
Event: 21.188 GC heap after
{Heap after GC invocations=14 (full 0):
 garbage-first heap   total 260096K, used 99015K [0x0000000080000000, 0x0000000100000000)
  region size 1024K, 10 young (10240K), 10 survivors (10240K)
 Metaspace       used 80441K, capacity 82492K, committed 82652K, reserved 1120256K
  class space    used 10349K, capacity 11075K, committed 11148K, reserved 1048576K
}
Event: 25.312 GC heap before
{Heap before GC invocations=14 (full 0):
 garbage-first heap   total 260096K, used 208583K [0x0000000080000000, 0x0000000100000000)
  region size 1024K, 118 young (120832K), 10 survivors (10240K)
 Metaspace       used 89704K, capacity 91973K, committed 92124K, reserved 1128448K
  class space    used 11552K, capacity 12346K, committed 12428K, reserved 1048576K
}
Event: 25.344 GC heap after
{Heap after GC invocations=15 (full 0):
 garbage-first heap   total 260096K, used 106635K [0x0000000080000000, 0x0000000100000000)
  region size 1024K, 8 young (8192K), 8 survivors (8192K)
 Metaspace       used 89704K, capacity 91973K, committed 92124K, reserved 1128448K
  class space    used 11552K, capacity 12346K, committed 12428K, reserved 1048576K
}
Event: 256.832 GC heap before
{Heap before GC invocations=15 (full 0):
 garbage-first heap   total 260096K, used 211083K [0x0000000080000000, 0x0000000100000000)
  region size 1024K, 110 young (112640K), 8 survivors (8192K)
 Metaspace       used 96111K, capacity 98840K, committed 99036K, reserved 1134592K
  class space    used 12346K, capacity 13379K, committed 13452K, reserved 1048576K
}
Event: 256.842 GC heap after
{Heap after GC invocations=16 (full 0):
 garbage-first heap   total 260096K, used 111334K [0x0000000080000000, 0x0000000100000000)
  region size 1024K, 13 young (13312K), 13 survivors (13312K)
 Metaspace       used 96111K, capacity 98840K, committed 99036K, reserved 1134592K
  class space    used 12346K, capacity 13379K, committed 13452K, reserved 1048576K
}
Event: 754.733 GC heap before
{Heap before GC invocations=16 (full 0):
 garbage-first heap   total 260096K, used 137958K [0x0000000080000000, 0x0000000100000000)
  region size 1024K, 41 young (41984K), 13 survivors (13312K)
 Metaspace       used 98747K, capacity 101405K, committed 101468K, reserved 1136640K
  class space    used 12790K, capacity 13803K, committed 13836K, reserved 1048576K
}
Event: 754.766 GC heap after
{Heap after GC invocations=17 (full 0):
 garbage-first heap   total 260096K, used 113538K [0x0000000080000000, 0x0000000100000000)
  region size 1024K, 8 young (8192K), 8 survivors (8192K)
 Metaspace       used 98747K, capacity 101405K, committed 101468K, reserved 1136640K
  class space    used 12790K, capacity 13803K, committed 13836K, reserved 1048576K
}

